<!DOCTYPE html>

<html>
  <head>
  <meta charset='utf-8'>
  <title>TestNG reports</title>

    <link type="text/css" href="testng-reports.css" rel="stylesheet" />
    <script type="text/javascript" src="jquery-1.7.1.min.js"></script>
    <script type="text/javascript" src="testng-reports.js"></script>
    <script type="text/javascript" src="https://www.google.com/jsapi"></script>
    <script type='text/javascript'>
      google.load('visualization', '1', {packages:['table']});
      google.setOnLoadCallback(drawTable);
      var suiteTableInitFunctions = new Array();
      var suiteTableData = new Array();
    </script>
    <!--
      <script type="text/javascript" src="jquery-ui/js/jquery-ui-1.8.16.custom.min.js"></script>
     -->
  </head>

  <body>
    <div class="top-banner-root">
      <span class="top-banner-title-font">Test results</span>
      <br/>
      <span class="top-banner-font-1">1 suite, 2 failed tests</span>
    </div> <!-- top-banner-root -->
    <div class="navigator-root">
      <div class="navigator-suite-header">
        <span>All suites</span>
        <a href="#" title="Collapse/expand all the suites" class="collapse-all-link">
          <img src="collapseall.gif" class="collapse-all-icon">
          </img> <!-- collapse-all-icon -->
        </a> <!-- collapse-all-link -->
      </div> <!-- navigator-suite-header -->
      <div class="suite">
        <div class="rounded-window">
          <div class="suite-header light-rounded-window-top">
            <a href="#" panel-name="suite-actiTIME_Test_Automation_" class="navigator-link">
              <span class="suite-name border-failed">actiTIME Test Automation </span>
            </a> <!-- navigator-link -->
          </div> <!-- suite-header light-rounded-window-top -->
          <div class="navigator-suite-content">
            <div class="suite-section-title">
              <span>Info</span>
            </div> <!-- suite-section-title -->
            <div class="suite-section-content">
              <ul>
                <li>
                  <a href="#" panel-name="test-xml-actiTIME_Test_Automation_" class="navigator-link ">
                    <span>E:\UGVLE\year_4\sem_1\IS4102 - Advanced Software Quality Assurance\Guest Lecs Assignments\18020585_Assignment 2\src\main\resources\testng.xml</span>
                  </a> <!-- navigator-link  -->
                </li>
                <li>
                  <a href="#" panel-name="testlist-actiTIME_Test_Automation_" class="navigator-link ">
                    <span class="test-stats">1 test</span>
                  </a> <!-- navigator-link  -->
                </li>
                <li>
                  <a href="#" panel-name="group-actiTIME_Test_Automation_" class="navigator-link ">
                    <span>0 groups</span>
                  </a> <!-- navigator-link  -->
                </li>
                <li>
                  <a href="#" panel-name="times-actiTIME_Test_Automation_" class="navigator-link ">
                    <span>Times</span>
                  </a> <!-- navigator-link  -->
                </li>
                <li>
                  <a href="#" panel-name="reporter-actiTIME_Test_Automation_" class="navigator-link ">
                    <span>Reporter output</span>
                  </a> <!-- navigator-link  -->
                </li>
                <li>
                  <a href="#" panel-name="ignored-methods-actiTIME_Test_Automation_" class="navigator-link ">
                    <span>Ignored methods</span>
                  </a> <!-- navigator-link  -->
                </li>
                <li>
                  <a href="#" panel-name="chronological-actiTIME_Test_Automation_" class="navigator-link ">
                    <span>Chronological view</span>
                  </a> <!-- navigator-link  -->
                </li>
              </ul>
            </div> <!-- suite-section-content -->
            <div class="result-section">
              <div class="suite-section-title">
                <span>Results</span>
              </div> <!-- suite-section-title -->
              <div class="suite-section-content">
                <ul>
                  <li>
                    <span class="method-stats">11 methods, 2 failed,   9 passed</span>
                  </li>
                  <li>
                    <span class="method-list-title failed">Failed methods</span>
                    <span class="show-or-hide-methods failed">
                      <a href="#" panel-name="suite-actiTIME_Test_Automation_" class="hide-methods failed suite-actiTIME_Test_Automation_"> (hide)</a> <!-- hide-methods failed suite-actiTIME_Test_Automation_ -->
                      <a href="#" panel-name="suite-actiTIME_Test_Automation_" class="show-methods failed suite-actiTIME_Test_Automation_"> (show)</a> <!-- show-methods failed suite-actiTIME_Test_Automation_ -->
                    </span>
                    <div class="method-list-content failed suite-actiTIME_Test_Automation_">
                      <span>
                        <img src="failed.png" width="3%"/>
                        <a href="#" panel-name="suite-actiTIME_Test_Automation_" title="com.actitime.qa.testcases.ReportsPageTest" class="method navigator-link" hash-for-method="reportsListLinkTest">reportsListLinkTest</a> <!-- method navigator-link -->
                      </span>
                      <br/>
                      <span>
                        <img src="failed.png" width="3%"/>
                        <a href="#" panel-name="suite-actiTIME_Test_Automation_" title="com.actitime.qa.testcases.HomePageTest" class="method navigator-link" hash-for-method="usersPageUserLinkTest">usersPageUserLinkTest</a> <!-- method navigator-link -->
                      </span>
                      <br/>
                    </div> <!-- method-list-content failed suite-actiTIME_Test_Automation_ -->
                  </li>
                  <li>
                    <span class="method-list-title passed">Passed methods</span>
                    <span class="show-or-hide-methods passed">
                      <a href="#" panel-name="suite-actiTIME_Test_Automation_" class="hide-methods passed suite-actiTIME_Test_Automation_"> (hide)</a> <!-- hide-methods passed suite-actiTIME_Test_Automation_ -->
                      <a href="#" panel-name="suite-actiTIME_Test_Automation_" class="show-methods passed suite-actiTIME_Test_Automation_"> (show)</a> <!-- show-methods passed suite-actiTIME_Test_Automation_ -->
                    </span>
                    <div class="method-list-content passed suite-actiTIME_Test_Automation_">
                      <span>
                        <img src="passed.png" width="3%"/>
                        <a href="#" panel-name="suite-actiTIME_Test_Automation_" title="com.actitime.qa.testcases.LogonPageTest" class="method navigator-link" hash-for-method="LoginTest(, )">LoginTest(, )</a> <!-- method navigator-link -->
                      </span>
                      <br/>
                      <span>
                        <img src="passed.png" width="3%"/>
                        <a href="#" panel-name="suite-actiTIME_Test_Automation_" title="com.actitime.qa.testcases.LogonPageTest" class="method navigator-link" hash-for-method="LoginTest(, )">LoginTest(, )</a> <!-- method navigator-link -->
                      </span>
                      <br/>
                      <span>
                        <img src="passed.png" width="3%"/>
                        <a href="#" panel-name="suite-actiTIME_Test_Automation_" title="com.actitime.qa.testcases.LogonPageTest" class="method navigator-link" hash-for-method="LoginTest(admin, manager)">LoginTest(admin, manager)</a> <!-- method navigator-link -->
                      </span>
                      <br/>
                      <span>
                        <img src="passed.png" width="3%"/>
                        <a href="#" panel-name="suite-actiTIME_Test_Automation_" title="com.actitime.qa.testcases.LogonPageTest" class="method navigator-link" hash-for-method="LoginTest(, )">LoginTest(, )</a> <!-- method navigator-link -->
                      </span>
                      <br/>
                      <span>
                        <img src="passed.png" width="3%"/>
                        <a href="#" panel-name="suite-actiTIME_Test_Automation_" title="com.actitime.qa.testcases.HomePageTest" class="method navigator-link" hash-for-method="homePageLogoTest">homePageLogoTest</a> <!-- method navigator-link -->
                      </span>
                      <br/>
                      <span>
                        <img src="passed.png" width="3%"/>
                        <a href="#" panel-name="suite-actiTIME_Test_Automation_" title="com.actitime.qa.testcases.LogonPageTest" class="method navigator-link" hash-for-method="loginPageLogoTest">loginPageLogoTest</a> <!-- method navigator-link -->
                      </span>
                      <br/>
                      <span>
                        <img src="passed.png" width="3%"/>
                        <a href="#" panel-name="suite-actiTIME_Test_Automation_" title="com.actitime.qa.testcases.ReportsPageTest" class="method navigator-link" hash-for-method="reportsListTest">reportsListTest</a> <!-- method navigator-link -->
                      </span>
                      <br/>
                      <span>
                        <img src="passed.png" width="3%"/>
                        <a href="#" panel-name="suite-actiTIME_Test_Automation_" title="com.actitime.qa.testcases.UsersPageTest" class="method navigator-link" hash-for-method="userListLinkTest">userListLinkTest</a> <!-- method navigator-link -->
                      </span>
                      <br/>
                      <span>
                        <img src="passed.png" width="3%"/>
                        <a href="#" panel-name="suite-actiTIME_Test_Automation_" title="com.actitime.qa.testcases.UsersPageTest" class="method navigator-link" hash-for-method="usersTableTest">usersTableTest</a> <!-- method navigator-link -->
                      </span>
                      <br/>
                    </div> <!-- method-list-content passed suite-actiTIME_Test_Automation_ -->
                  </li>
                </ul>
              </div> <!-- suite-section-content -->
            </div> <!-- result-section -->
          </div> <!-- navigator-suite-content -->
        </div> <!-- rounded-window -->
      </div> <!-- suite -->
    </div> <!-- navigator-root -->
    <div class="wrapper">
      <div class="main-panel-root">
        <div panel-name="suite-actiTIME_Test_Automation_" class="panel actiTIME_Test_Automation_">
          <div class="suite-actiTIME_Test_Automation_-class-failed">
            <div class="main-panel-header rounded-window-top">
              <img src="failed.png"/>
              <span class="class-name">com.actitime.qa.testcases.HomePageTest</span>
            </div> <!-- main-panel-header rounded-window-top -->
            <div class="main-panel-content rounded-window-bottom">
              <div class="method">
                <div class="method-content">
                  <a name="usersPageUserLinkTest">
                  </a> <!-- usersPageUserLinkTest -->
                  <span class="method-name">usersPageUserLinkTest</span>
                  <div class="stack-trace">org.openqa.selenium.ElementClickInterceptedException: element click intercepted: Element &lt;a href=&quot;/administration/userlist.do&quot; class=&quot;content users&quot;&gt;...&lt;/a&gt; is not clickable at point (925, 35). Other element would receive the click: &lt;div id=&quot;preInsertedTransformedMoireId&quot; class=&quot;transformedMoireClass&quot; style=&quot;transition: opacity 600ms ease-in-out 0s; opacity: 0;&quot;&gt;&lt;/div&gt;
  (Session info: chrome=105.0.5195.127)
Build info: version: &apos;3.141.59&apos;, revision: &apos;e82be7d358&apos;, time: &apos;2018-11-14T08:17:03&apos;
System info: host: &apos;HP-PC&apos;, ip: &apos;192.168.56.1&apos;, os.name: &apos;Windows 10&apos;, os.arch: &apos;amd64&apos;, os.version: &apos;10.0&apos;, java.version: &apos;16&apos;
Driver info: org.openqa.selenium.chrome.ChromeDriver
Capabilities {acceptInsecureCerts: false, browserName: chrome, browserVersion: 105.0.5195.127, chrome: {chromedriverVersion: 105.0.5195.52 (412c95e51883..., userDataDir: C:\Users\hp\AppData\Local\T...}, goog:chromeOptions: {debuggerAddress: localhost:12692}, javascriptEnabled: true, networkConnectionEnabled: false, pageLoadStrategy: normal, platform: WINDOWS, platformName: WINDOWS, proxy: Proxy(), setWindowRect: true, strictFileInteractability: false, timeouts: {implicit: 0, pageLoad: 300000, script: 30000}, unhandledPromptBehavior: dismiss and notify, webauthn:extension:credBlob: true, webauthn:extension:largeBlob: true, webauthn:virtualAuthenticators: true}
Session ID: a15ed4264324c9a6126f41ccc65167b1
	at org.openqa.selenium.remote.http.W3CHttpResponseCodec.createException(W3CHttpResponseCodec.java:187)
	at org.openqa.selenium.remote.http.W3CHttpResponseCodec.decode(W3CHttpResponseCodec.java:122)
	at org.openqa.selenium.remote.http.W3CHttpResponseCodec.decode(W3CHttpResponseCodec.java:49)
	at org.openqa.selenium.remote.HttpCommandExecutor.execute(HttpCommandExecutor.java:158)
	at org.openqa.selenium.remote.service.DriverCommandExecutor.execute(DriverCommandExecutor.java:83)
	at org.openqa.selenium.remote.RemoteWebDriver.execute(RemoteWebDriver.java:552)
	at org.openqa.selenium.remote.RemoteWebElement.execute(RemoteWebElement.java:285)
	at org.openqa.selenium.remote.RemoteWebElement.click(RemoteWebElement.java:84)
	at org.openqa.selenium.support.events.EventFiringWebDriver$EventFiringWebElement.lambda$new$0(EventFiringWebDriver.java:404)
	at jdk.proxy2/jdk.proxy2.$Proxy17.click(Unknown Source)
	at org.openqa.selenium.support.events.EventFiringWebDriver$EventFiringWebElement.click(EventFiringWebDriver.java:417)
	at org.openqa.selenium.support.pagefactory.internal.LocatingElementHandler.invoke(LocatingElementHandler.java:51)
	at jdk.proxy2/jdk.proxy2.$Proxy16.click(Unknown Source)
	at com.actitime.qa.pages.HomePage.clickOnUsersLink(HomePage.java:44)
	at com.actitime.qa.testcases.HomePageTest.usersPageUserLinkTest(HomePageTest.java:45)
... Removed 38 stack frames
</div> <!-- stack-trace -->
                </div> <!-- method-content -->
              </div> <!-- method -->
            </div> <!-- main-panel-content rounded-window-bottom -->
          </div> <!-- suite-actiTIME_Test_Automation_-class-failed -->
          <div class="suite-actiTIME_Test_Automation_-class-failed">
            <div class="main-panel-header rounded-window-top">
              <img src="failed.png"/>
              <span class="class-name">com.actitime.qa.testcases.ReportsPageTest</span>
            </div> <!-- main-panel-header rounded-window-top -->
            <div class="main-panel-content rounded-window-bottom">
              <div class="method">
                <div class="method-content">
                  <a name="reportsListLinkTest">
                  </a> <!-- reportsListLinkTest -->
                  <span class="method-name">reportsListLinkTest</span>
                  <div class="stack-trace">org.openqa.selenium.NoSuchElementException: no such element: Unable to locate element: {&quot;method&quot;:&quot;xpath&quot;,&quot;selector&quot;:&quot;//div[@class=&apos;lightbox lightboxWithWhiteContent pdfPreviewLightbox createChartMode ancestorEventsEmitter verticalBar&apos;]&quot;}
  (Session info: chrome=105.0.5195.127)
For documentation on this error, please visit: https://www.seleniumhq.org/exceptions/no_such_element.html
Build info: version: &apos;3.141.59&apos;, revision: &apos;e82be7d358&apos;, time: &apos;2018-11-14T08:17:03&apos;
System info: host: &apos;HP-PC&apos;, ip: &apos;192.168.56.1&apos;, os.name: &apos;Windows 10&apos;, os.arch: &apos;amd64&apos;, os.version: &apos;10.0&apos;, java.version: &apos;16&apos;
Driver info: org.openqa.selenium.chrome.ChromeDriver
Capabilities {acceptInsecureCerts: false, browserName: chrome, browserVersion: 105.0.5195.127, chrome: {chromedriverVersion: 105.0.5195.52 (412c95e51883..., userDataDir: C:\Users\hp\AppData\Local\T...}, goog:chromeOptions: {debuggerAddress: localhost:12981}, javascriptEnabled: true, networkConnectionEnabled: false, pageLoadStrategy: normal, platform: WINDOWS, platformName: WINDOWS, proxy: Proxy(), setWindowRect: true, strictFileInteractability: false, timeouts: {implicit: 0, pageLoad: 300000, script: 30000}, unhandledPromptBehavior: dismiss and notify, webauthn:extension:credBlob: true, webauthn:extension:largeBlob: true, webauthn:virtualAuthenticators: true}
Session ID: 1b35d5b258b2ae79b8cd2360ffe40879
*** Element info: {Using=xpath, value=//div[@class=&apos;lightbox lightboxWithWhiteContent pdfPreviewLightbox createChartMode ancestorEventsEmitter verticalBar&apos;]}
	at org.openqa.selenium.remote.http.W3CHttpResponseCodec.createException(W3CHttpResponseCodec.java:187)
	at org.openqa.selenium.remote.http.W3CHttpResponseCodec.decode(W3CHttpResponseCodec.java:122)
	at org.openqa.selenium.remote.http.W3CHttpResponseCodec.decode(W3CHttpResponseCodec.java:49)
	at org.openqa.selenium.remote.HttpCommandExecutor.execute(HttpCommandExecutor.java:158)
	at org.openqa.selenium.remote.service.DriverCommandExecutor.execute(DriverCommandExecutor.java:83)
	at org.openqa.selenium.remote.RemoteWebDriver.execute(RemoteWebDriver.java:552)
	at org.openqa.selenium.remote.RemoteWebDriver.findElement(RemoteWebDriver.java:323)
	at org.openqa.selenium.remote.RemoteWebDriver.findElementByXPath(RemoteWebDriver.java:428)
	at org.openqa.selenium.By$ByXPath.findElement(By.java:353)
	at org.openqa.selenium.remote.RemoteWebDriver.findElement(RemoteWebDriver.java:315)
	at org.openqa.selenium.support.events.EventFiringWebDriver.lambda$new$1(EventFiringWebDriver.java:105)
	at jdk.proxy2/jdk.proxy2.$Proxy11.findElement(Unknown Source)
	at org.openqa.selenium.support.events.EventFiringWebDriver.findElement(EventFiringWebDriver.java:194)
	at org.openqa.selenium.support.pagefactory.DefaultElementLocator.findElement(DefaultElementLocator.java:69)
	at org.openqa.selenium.support.pagefactory.internal.LocatingElementHandler.invoke(LocatingElementHandler.java:38)
	at jdk.proxy2/jdk.proxy2.$Proxy16.isDisplayed(Unknown Source)
	at com.actitime.qa.pages.ReportsPage.clickOnReport(ReportsPage.java:43)
	at com.actitime.qa.testcases.ReportsPageTest.reportsListLinkTest(ReportsPageTest.java:48)
... Removed 33 stack frames
</div> <!-- stack-trace -->
                </div> <!-- method-content -->
              </div> <!-- method -->
            </div> <!-- main-panel-content rounded-window-bottom -->
          </div> <!-- suite-actiTIME_Test_Automation_-class-failed -->
          <div class="suite-actiTIME_Test_Automation_-class-passed">
            <div class="main-panel-header rounded-window-top">
              <img src="passed.png"/>
              <span class="class-name">com.actitime.qa.testcases.LogonPageTest</span>
            </div> <!-- main-panel-header rounded-window-top -->
            <div class="main-panel-content rounded-window-bottom">
              <div class="method">
                <div class="method-content">
                  <a name="LoginTest(, )">
                  </a> <!-- LoginTest(, ) -->
                  <span class="method-name">LoginTest</span>
                  <span class="parameters">(, )</span>
                </div> <!-- method-content -->
              </div> <!-- method -->
              <div class="method">
                <div class="method-content">
                  <a name="LoginTest(, )">
                  </a> <!-- LoginTest(, ) -->
                  <span class="method-name">LoginTest</span>
                  <span class="parameters">(, )</span>
                </div> <!-- method-content -->
              </div> <!-- method -->
              <div class="method">
                <div class="method-content">
                  <a name="LoginTest(admin, manager)">
                  </a> <!-- LoginTest(admin, manager) -->
                  <span class="method-name">LoginTest</span>
                  <span class="parameters">(admin, manager)</span>
                </div> <!-- method-content -->
              </div> <!-- method -->
              <div class="method">
                <div class="method-content">
                  <a name="LoginTest(, )">
                  </a> <!-- LoginTest(, ) -->
                  <span class="method-name">LoginTest</span>
                  <span class="parameters">(, )</span>
                </div> <!-- method-content -->
              </div> <!-- method -->
              <div class="method">
                <div class="method-content">
                  <a name="loginPageLogoTest">
                  </a> <!-- loginPageLogoTest -->
                  <span class="method-name">loginPageLogoTest</span>
                </div> <!-- method-content -->
              </div> <!-- method -->
            </div> <!-- main-panel-content rounded-window-bottom -->
          </div> <!-- suite-actiTIME_Test_Automation_-class-passed -->
          <div class="suite-actiTIME_Test_Automation_-class-passed">
            <div class="main-panel-header rounded-window-top">
              <img src="passed.png"/>
              <span class="class-name">com.actitime.qa.testcases.HomePageTest</span>
            </div> <!-- main-panel-header rounded-window-top -->
            <div class="main-panel-content rounded-window-bottom">
              <div class="method">
                <div class="method-content">
                  <a name="homePageLogoTest">
                  </a> <!-- homePageLogoTest -->
                  <span class="method-name">homePageLogoTest</span>
                </div> <!-- method-content -->
              </div> <!-- method -->
            </div> <!-- main-panel-content rounded-window-bottom -->
          </div> <!-- suite-actiTIME_Test_Automation_-class-passed -->
          <div class="suite-actiTIME_Test_Automation_-class-passed">
            <div class="main-panel-header rounded-window-top">
              <img src="passed.png"/>
              <span class="class-name">com.actitime.qa.testcases.ReportsPageTest</span>
            </div> <!-- main-panel-header rounded-window-top -->
            <div class="main-panel-content rounded-window-bottom">
              <div class="method">
                <div class="method-content">
                  <a name="reportsListTest">
                  </a> <!-- reportsListTest -->
                  <span class="method-name">reportsListTest</span>
                </div> <!-- method-content -->
              </div> <!-- method -->
            </div> <!-- main-panel-content rounded-window-bottom -->
          </div> <!-- suite-actiTIME_Test_Automation_-class-passed -->
          <div class="suite-actiTIME_Test_Automation_-class-passed">
            <div class="main-panel-header rounded-window-top">
              <img src="passed.png"/>
              <span class="class-name">com.actitime.qa.testcases.UsersPageTest</span>
            </div> <!-- main-panel-header rounded-window-top -->
            <div class="main-panel-content rounded-window-bottom">
              <div class="method">
                <div class="method-content">
                  <a name="userListLinkTest">
                  </a> <!-- userListLinkTest -->
                  <span class="method-name">userListLinkTest</span>
                </div> <!-- method-content -->
              </div> <!-- method -->
              <div class="method">
                <div class="method-content">
                  <a name="usersTableTest">
                  </a> <!-- usersTableTest -->
                  <span class="method-name">usersTableTest</span>
                </div> <!-- method-content -->
              </div> <!-- method -->
            </div> <!-- main-panel-content rounded-window-bottom -->
          </div> <!-- suite-actiTIME_Test_Automation_-class-passed -->
        </div> <!-- panel actiTIME_Test_Automation_ -->
        <div panel-name="test-xml-actiTIME_Test_Automation_" class="panel">
          <div class="main-panel-header rounded-window-top">
            <span class="header-content">E:\UGVLE\year_4\sem_1\IS4102 - Advanced Software Quality Assurance\Guest Lecs Assignments\18020585_Assignment 2\src\main\resources\testng.xml</span>
          </div> <!-- main-panel-header rounded-window-top -->
          <div class="main-panel-content rounded-window-bottom">
            <pre>
&lt;?xml version=&quot;1.0&quot; encoding=&quot;UTF-8&quot;?&gt;
&lt;!DOCTYPE suite SYSTEM &quot;http://testng.org/testng-1.0.dtd&quot;&gt;
&lt;suite name=&quot;actiTIME Test Automation &quot; guice-stage=&quot;DEVELOPMENT&quot;&gt;
  &lt;listeners&gt;
    &lt;listener class-name=&quot;com.actitime.qa.extentreportlistener.ExtentReporterNG&quot;/&gt;
  &lt;/listeners&gt;
  &lt;test thread-count=&quot;5&quot; name=&quot;actiTime Test Automation Testcases&quot;&gt;
    &lt;classes&gt;
      &lt;class name=&quot;com.actitime.qa.testcases.HomePageTest&quot;/&gt;
      &lt;class name=&quot;com.actitime.qa.testcases.LogonPageTest&quot;/&gt;
      &lt;class name=&quot;com.actitime.qa.testcases.UsersPageTest&quot;/&gt;
      &lt;class name=&quot;com.actitime.qa.testcases.ReportsPageTest&quot;/&gt;
    &lt;/classes&gt;
  &lt;/test&gt; &lt;!-- actiTime Test Automation Testcases --&gt;
&lt;/suite&gt; &lt;!-- actiTIME Test Automation  --&gt;
            </pre>
          </div> <!-- main-panel-content rounded-window-bottom -->
        </div> <!-- panel -->
        <div panel-name="testlist-actiTIME_Test_Automation_" class="panel">
          <div class="main-panel-header rounded-window-top">
            <span class="header-content">Tests for actiTIME Test Automation </span>
          </div> <!-- main-panel-header rounded-window-top -->
          <div class="main-panel-content rounded-window-bottom">
            <ul>
              <li>
                <span class="test-name">actiTime Test Automation Testcases (4 classes)</span>
              </li>
            </ul>
          </div> <!-- main-panel-content rounded-window-bottom -->
        </div> <!-- panel -->
        <div panel-name="group-actiTIME_Test_Automation_" class="panel">
          <div class="main-panel-header rounded-window-top">
            <span class="header-content">Groups for actiTIME Test Automation </span>
          </div> <!-- main-panel-header rounded-window-top -->
          <div class="main-panel-content rounded-window-bottom">
          </div> <!-- main-panel-content rounded-window-bottom -->
        </div> <!-- panel -->
        <div panel-name="times-actiTIME_Test_Automation_" class="panel">
          <div class="main-panel-header rounded-window-top">
            <span class="header-content">Times for actiTIME Test Automation </span>
          </div> <!-- main-panel-header rounded-window-top -->
          <div class="main-panel-content rounded-window-bottom">
            <div class="times-div">
              <script type="text/javascript">
suiteTableInitFunctions.push('tableData_actiTIME_Test_Automation_');
function tableData_actiTIME_Test_Automation_() {
var data = new google.visualization.DataTable();
data.addColumn('number', 'Number');
data.addColumn('string', 'Method');
data.addColumn('string', 'Class');
data.addColumn('number', 'Time (ms)');
data.addRows(11);
data.setCell(0, 0, 0)
data.setCell(0, 1, 'reportsListLinkTest')
data.setCell(0, 2, 'com.actitime.qa.testcases.ReportsPageTest')
data.setCell(0, 3, 41140);
data.setCell(1, 0, 1)
data.setCell(1, 1, 'usersPageUserLinkTest')
data.setCell(1, 2, 'com.actitime.qa.testcases.HomePageTest')
data.setCell(1, 3, 11824);
data.setCell(2, 0, 2)
data.setCell(2, 1, 'homePageLogoTest')
data.setCell(2, 2, 'com.actitime.qa.testcases.HomePageTest')
data.setCell(2, 3, 6004);
data.setCell(3, 0, 3)
data.setCell(3, 1, 'userListLinkTest')
data.setCell(3, 2, 'com.actitime.qa.testcases.UsersPageTest')
data.setCell(3, 3, 2178);
data.setCell(4, 0, 4)
data.setCell(4, 1, 'LoginTest')
data.setCell(4, 2, 'com.actitime.qa.testcases.LogonPageTest')
data.setCell(4, 3, 878);
data.setCell(5, 0, 5)
data.setCell(5, 1, 'LoginTest')
data.setCell(5, 2, 'com.actitime.qa.testcases.LogonPageTest')
data.setCell(5, 3, 683);
data.setCell(6, 0, 6)
data.setCell(6, 1, 'LoginTest')
data.setCell(6, 2, 'com.actitime.qa.testcases.LogonPageTest')
data.setCell(6, 3, 660);
data.setCell(7, 0, 7)
data.setCell(7, 1, 'LoginTest')
data.setCell(7, 2, 'com.actitime.qa.testcases.LogonPageTest')
data.setCell(7, 3, 642);
data.setCell(8, 0, 8)
data.setCell(8, 1, 'reportsListTest')
data.setCell(8, 2, 'com.actitime.qa.testcases.ReportsPageTest')
data.setCell(8, 3, 191);
data.setCell(9, 0, 9)
data.setCell(9, 1, 'loginPageLogoTest')
data.setCell(9, 2, 'com.actitime.qa.testcases.LogonPageTest')
data.setCell(9, 3, 190);
data.setCell(10, 0, 10)
data.setCell(10, 1, 'usersTableTest')
data.setCell(10, 2, 'com.actitime.qa.testcases.UsersPageTest')
data.setCell(10, 3, 116);
window.suiteTableData['actiTIME_Test_Automation_']= { tableData: data, tableDiv: 'times-div-actiTIME_Test_Automation_'}
return data;
}
              </script>
              <span class="suite-total-time">Total running time: 1 minutes</span>
              <div id="times-div-actiTIME_Test_Automation_">
              </div> <!-- times-div-actiTIME_Test_Automation_ -->
            </div> <!-- times-div -->
          </div> <!-- main-panel-content rounded-window-bottom -->
        </div> <!-- panel -->
        <div panel-name="reporter-actiTIME_Test_Automation_" class="panel">
          <div class="main-panel-header rounded-window-top">
            <span class="header-content">Reporter output for actiTIME Test Automation </span>
          </div> <!-- main-panel-header rounded-window-top -->
          <div class="main-panel-content rounded-window-bottom">
          </div> <!-- main-panel-content rounded-window-bottom -->
        </div> <!-- panel -->
        <div panel-name="ignored-methods-actiTIME_Test_Automation_" class="panel">
          <div class="main-panel-header rounded-window-top">
            <span class="header-content">0 ignored methods</span>
          </div> <!-- main-panel-header rounded-window-top -->
          <div class="main-panel-content rounded-window-bottom">
          </div> <!-- main-panel-content rounded-window-bottom -->
        </div> <!-- panel -->
        <div panel-name="chronological-actiTIME_Test_Automation_" class="panel">
          <div class="main-panel-header rounded-window-top">
            <span class="header-content">Methods in chronological order</span>
          </div> <!-- main-panel-header rounded-window-top -->
          <div class="main-panel-content rounded-window-bottom">
            <div class="chronological-class">
              <div class="chronological-class-name">com.actitime.qa.testcases.HomePageTest</div> <!-- chronological-class-name -->
              <div class="configuration-method before">
                <span class="method-name">seup</span>
                <span class="method-start">0 ms</span>
              </div> <!-- configuration-method before -->
              <div class="test-method">
                <span class="method-name">homePageLogoTest</span>
                <span class="method-start">21782 ms</span>
              </div> <!-- test-method -->
              <div class="configuration-method after">
                <span class="method-name">tearDown</span>
                <span class="method-start">27791 ms</span>
              </div> <!-- configuration-method after -->
            </div> <!-- chronological-class -->
            <div class="chronological-class">
              <div class="chronological-class-name">com.actitime.qa.testcases.LogonPageTest</div> <!-- chronological-class-name -->
              <div class="configuration-method before">
                <span class="method-name">seup</span>
                <span class="method-start">29201 ms</span>
              </div> <!-- configuration-method before -->
              <div class="test-method">
                <span class="method-name">loginPageLogoTest</span>
                <span class="method-start">44249 ms</span>
              </div> <!-- test-method -->
              <div class="configuration-method after">
                <span class="method-name">tearDown</span>
                <span class="method-start">44442 ms</span>
              </div> <!-- configuration-method after -->
            </div> <!-- chronological-class -->
            <div class="chronological-class">
              <div class="chronological-class-name">com.actitime.qa.testcases.UsersPageTest</div> <!-- chronological-class-name -->
              <div class="configuration-method before">
                <span class="method-name">seup</span>
                <span class="method-start">45472 ms</span>
              </div> <!-- configuration-method before -->
              <div class="test-method">
                <span class="method-name">usersTableTest</span>
                <span class="method-start">80184 ms</span>
              </div> <!-- test-method -->
              <div class="configuration-method after">
                <span class="method-name">tearDown</span>
                <span class="method-start">80303 ms</span>
              </div> <!-- configuration-method after -->
            </div> <!-- chronological-class -->
            <div class="chronological-class">
              <div class="chronological-class-name">com.actitime.qa.testcases.ReportsPageTest</div> <!-- chronological-class-name -->
              <div class="configuration-method before">
                <span class="method-name">seup</span>
                <span class="method-start">80769 ms</span>
              </div> <!-- configuration-method before -->
              <div class="test-method">
                <span class="method-name">reportsListTest</span>
                <span class="method-start">115606 ms</span>
              </div> <!-- test-method -->
              <div class="configuration-method after">
                <span class="method-name">tearDown</span>
                <span class="method-start">115799 ms</span>
              </div> <!-- configuration-method after -->
            </div> <!-- chronological-class -->
            <div class="chronological-class">
              <div class="chronological-class-name">com.actitime.qa.testcases.HomePageTest</div> <!-- chronological-class-name -->
              <div class="configuration-method before">
                <span class="method-name">seup</span>
                <span class="method-start">116710 ms</span>
              </div> <!-- configuration-method before -->
              <div class="test-method">
                <img src="failed.png">
                </img>
                <span class="method-name">usersPageUserLinkTest</span>
                <span class="method-start">133038 ms</span>
              </div> <!-- test-method -->
              <div class="configuration-method after">
                <span class="method-name">tearDown</span>
                <span class="method-start">144873 ms</span>
              </div> <!-- configuration-method after -->
            </div> <!-- chronological-class -->
            <div class="chronological-class">
              <div class="chronological-class-name">com.actitime.qa.testcases.LogonPageTest</div> <!-- chronological-class-name -->
              <div class="configuration-method before">
                <span class="method-name">seup</span>
                <span class="method-start">147682 ms</span>
              </div> <!-- configuration-method before -->
              <div class="test-method">
                <span class="method-name">LoginTest(admin, manager)</span>
                <span class="method-start">163421 ms</span>
              </div> <!-- test-method -->
              <div class="configuration-method after">
                <span class="method-name">tearDown</span>
                <span class="method-start">164106 ms</span>
              </div> <!-- configuration-method after -->
              <div class="configuration-method before">
                <span class="method-name">seup</span>
                <span class="method-start">164811 ms</span>
              </div> <!-- configuration-method before -->
              <div class="test-method">
                <span class="method-name">LoginTest(, )</span>
                <span class="method-start">180982 ms</span>
              </div> <!-- test-method -->
              <div class="configuration-method after">
                <span class="method-name">tearDown</span>
                <span class="method-start">181626 ms</span>
              </div> <!-- configuration-method after -->
              <div class="configuration-method before">
                <span class="method-name">seup</span>
                <span class="method-start">183154 ms</span>
              </div> <!-- configuration-method before -->
              <div class="test-method">
                <span class="method-name">LoginTest(, )</span>
                <span class="method-start">198959 ms</span>
              </div> <!-- test-method -->
              <div class="configuration-method after">
                <span class="method-name">tearDown</span>
                <span class="method-start">199622 ms</span>
              </div> <!-- configuration-method after -->
              <div class="configuration-method before">
                <span class="method-name">seup</span>
                <span class="method-start">201024 ms</span>
              </div> <!-- configuration-method before -->
              <div class="test-method">
                <span class="method-name">LoginTest(, )</span>
                <span class="method-start">216817 ms</span>
              </div> <!-- test-method -->
              <div class="configuration-method after">
                <span class="method-name">tearDown</span>
                <span class="method-start">217698 ms</span>
              </div> <!-- configuration-method after -->
            </div> <!-- chronological-class -->
            <div class="chronological-class">
              <div class="chronological-class-name">com.actitime.qa.testcases.UsersPageTest</div> <!-- chronological-class-name -->
              <div class="configuration-method before">
                <span class="method-name">seup</span>
                <span class="method-start">219352 ms</span>
              </div> <!-- configuration-method before -->
              <div class="test-method">
                <span class="method-name">userListLinkTest</span>
                <span class="method-start">248597 ms</span>
              </div> <!-- test-method -->
              <div class="configuration-method after">
                <span class="method-name">tearDown</span>
                <span class="method-start">250776 ms</span>
              </div> <!-- configuration-method after -->
            </div> <!-- chronological-class -->
            <div class="chronological-class">
              <div class="chronological-class-name">com.actitime.qa.testcases.ReportsPageTest</div> <!-- chronological-class-name -->
              <div class="configuration-method before">
                <span class="method-name">seup</span>
                <span class="method-start">251592 ms</span>
              </div> <!-- configuration-method before -->
              <div class="test-method">
                <img src="failed.png">
                </img>
                <span class="method-name">reportsListLinkTest</span>
                <span class="method-start">280918 ms</span>
              </div> <!-- test-method -->
              <div class="configuration-method after">
                <span class="method-name">tearDown</span>
                <span class="method-start">322062 ms</span>
              </div> <!-- configuration-method after -->
          </div> <!-- main-panel-content rounded-window-bottom -->
        </div> <!-- panel -->
      </div> <!-- main-panel-root -->
    </div> <!-- wrapper -->
  </body>
</html>
